<?xml version="1.0" encoding="UTF-8"?>
<!-- Generated by org.testng.reporters.JUnitXMLReporter -->
<testsuite ignored="0" hostname="Rajats-MacBook-Air.local" failures="0" tests="5" name="Default test" time="3.165" errors="0" timestamp="2025-08-06T19:23:09 IST">
  <testcase classname="com.pacakge.rest_assured_framework.HealthCheckAPI" name="shouldReturnStatus200" time="1.57"/>
  <testcase classname="com.pacakge.rest_assured_framework.HealthCheckAPI" name="shouldContainStatusKey" time="0.326"/>
  <testcase classname="com.pacakge.rest_assured_framework.HealthCheckAPI" name="shouldReturnStatusValueUp" time="0.559"/>
  <testcase classname="com.pacakge.rest_assured_framework.HealthCheckAPI" name="shouldNotAllowPostMethod" time="0.049"/>
  <testcase classname="com.pacakge.rest_assured_framework.HealthCheckAPI" name="shouldReturn404ForInvalidEndpoint" time="0.027"/>
</testsuite> <!-- Default test -->
