<?xml version="1.0" encoding="UTF-8"?>
<!-- Generated by org.testng.reporters.JUnitXMLReporter -->
<testsuite ignored="0" hostname="Rajats-MacBook-Air.local" failures="0" tests="3" name="Default test" time="3.539" errors="0" timestamp="2025-08-06T16:38:20 IST">
  <testcase classname="com.pacakge.rest_assured_framework.DeleteBookApi" name="shouldDeleteBookSuccessfully" time="2.848"/>
  <testcase classname="com.pacakge.rest_assured_framework.DeleteBookApi" name="shouldFailWithInvalidBookId" time="0.047"/>
  <testcase classname="com.pacakge.rest_assured_framework.DeleteBookApi" name="shouldFailWithoutAuthToken" time="0.024"/>
</testsuite> <!-- Default test -->
