<?xml version="1.0" encoding="UTF-8"?>
<testng-results ignored="0" total="3" passed="3" failed="0" skipped="0">
  <reporter-output>
  </reporter-output>
  <suite started-at="2025-08-06T16:38:16 IST" name="Default suite" finished-at="2025-08-06T16:38:20 IST" duration-ms="3539">
    <groups>
      <group name="negative">
        <method signature="DeleteBookApi.shouldFailWithInvalidBookId()[pri:2, instance:com.pacakge.rest_assured_framework.DeleteBookApi@3b0fe47a]" name="shouldFailWithInvalidBookId" class="com.pacakge.rest_assured_framework.DeleteBookApi"/>
        <method signature="DeleteBookApi.shouldFailWithoutAuthToken()[pri:3, instance:com.pacakge.rest_assured_framework.DeleteBookApi@3b0fe47a]" name="shouldFailWithoutAuthToken" class="com.pacakge.rest_assured_framework.DeleteBookApi"/>
      </group> <!-- negative -->
      <group name="sanity">
        <method signature="DeleteBookApi.shouldDeleteBookSuccessfully()[pri:1, instance:com.pacakge.rest_assured_framework.DeleteBookApi@3b0fe47a]" name="shouldDeleteBookSuccessfully" class="com.pacakge.rest_assured_framework.DeleteBookApi"/>
      </group> <!-- sanity -->
      <group name="positive">
        <method signature="DeleteBookApi.shouldDeleteBookSuccessfully()[pri:1, instance:com.pacakge.rest_assured_framework.DeleteBookApi@3b0fe47a]" name="shouldDeleteBookSuccessfully" class="com.pacakge.rest_assured_framework.DeleteBookApi"/>
      </group> <!-- positive -->
    </groups>
    <test started-at="2025-08-06T16:38:16 IST" name="Default test" finished-at="2025-08-06T16:38:20 IST" duration-ms="3539">
      <class name="com.pacakge.rest_assured_framework.DeleteBookApi">
        <test-method is-config="true" signature="setup()[pri:0, instance:com.pacakge.rest_assured_framework.DeleteBookApi@3b0fe47a]" started-at="2025-08-06T16:38:16 IST" name="setup" finished-at="2025-08-06T16:38:17 IST" duration-ms="494" status="PASS">
          <reporter-output>
          </reporter-output>
        </test-method> <!-- setup -->
        <test-method signature="shouldDeleteBookSuccessfully()[pri:1, instance:com.pacakge.rest_assured_framework.DeleteBookApi@3b0fe47a]" started-at="2025-08-06T16:38:17 IST" name="shouldDeleteBookSuccessfully" finished-at="2025-08-06T16:38:20 IST" duration-ms="2848" status="PASS">
          <reporter-output>
          </reporter-output>
        </test-method> <!-- shouldDeleteBookSuccessfully -->
        <test-method signature="shouldFailWithInvalidBookId()[pri:2, instance:com.pacakge.rest_assured_framework.DeleteBookApi@3b0fe47a]" started-at="2025-08-06T16:38:20 IST" name="shouldFailWithInvalidBookId" finished-at="2025-08-06T16:38:20 IST" duration-ms="47" status="PASS">
          <reporter-output>
          </reporter-output>
        </test-method> <!-- shouldFailWithInvalidBookId -->
        <test-method signature="shouldFailWithoutAuthToken()[pri:3, instance:com.pacakge.rest_assured_framework.DeleteBookApi@3b0fe47a]" started-at="2025-08-06T16:38:20 IST" name="shouldFailWithoutAuthToken" finished-at="2025-08-06T16:38:20 IST" duration-ms="24" status="PASS">
          <reporter-output>
          </reporter-output>
        </test-method> <!-- shouldFailWithoutAuthToken -->
      </class> <!-- com.pacakge.rest_assured_framework.DeleteBookApi -->
    </test> <!-- Default test -->
  </suite> <!-- Default suite -->
</testng-results>
