<?xml version="1.0" encoding="UTF-8"?>
<testng-results ignored="0" total="5" passed="5" failed="0" skipped="0">
  <reporter-output>
  </reporter-output>
  <suite started-at="2025-08-06T19:23:06 IST" name="Default suite" finished-at="2025-08-06T19:23:09 IST" duration-ms="3165">
    <groups>
    </groups>
    <test started-at="2025-08-06T19:23:06 IST" name="Default test" finished-at="2025-08-06T19:23:09 IST" duration-ms="3165">
      <class name="com.pacakge.rest_assured_framework.HealthCheckAPI">
        <test-method is-config="true" signature="setup()[pri:0, instance:com.pacakge.rest_assured_framework.HealthCheckAPI@2034b64c]" started-at="2025-08-06T19:23:06 IST" name="setup" finished-at="2025-08-06T19:23:06 IST" duration-ms="480" status="PASS">
          <reporter-output>
          </reporter-output>
        </test-method> <!-- setup -->
        <test-method signature="shouldReturnStatus200()[pri:1, instance:com.pacakge.rest_assured_framework.HealthCheckAPI@2034b64c]" started-at="2025-08-06T19:23:06 IST" name="shouldReturnStatus200" description="Verify GET /health returns 200" finished-at="2025-08-06T19:23:08 IST" duration-ms="1570" status="PASS">
          <reporter-output>
          </reporter-output>
        </test-method> <!-- shouldReturnStatus200 -->
        <test-method signature="shouldContainStatusKey()[pri:2, instance:com.pacakge.rest_assured_framework.HealthCheckAPI@2034b64c]" started-at="2025-08-06T19:23:08 IST" name="shouldContainStatusKey" description="Verify /health JSON contains &#039;status&#039; key" finished-at="2025-08-06T19:23:08 IST" duration-ms="326" status="PASS">
          <reporter-output>
          </reporter-output>
        </test-method> <!-- shouldContainStatusKey -->
        <test-method signature="shouldReturnStatusValueUp()[pri:3, instance:com.pacakge.rest_assured_framework.HealthCheckAPI@2034b64c]" started-at="2025-08-06T19:23:08 IST" name="shouldReturnStatusValueUp" description="Verify status value is &#039;up&#039;" finished-at="2025-08-06T19:23:09 IST" duration-ms="559" status="PASS">
          <reporter-output>
          </reporter-output>
        </test-method> <!-- shouldReturnStatusValueUp -->
        <test-method signature="shouldNotAllowPostMethod()[pri:4, instance:com.pacakge.rest_assured_framework.HealthCheckAPI@2034b64c]" started-at="2025-08-06T19:23:09 IST" name="shouldNotAllowPostMethod" description="Verify POST on /health returns 405" finished-at="2025-08-06T19:23:09 IST" duration-ms="49" status="PASS">
          <reporter-output>
          </reporter-output>
        </test-method> <!-- shouldNotAllowPostMethod -->
        <test-method signature="shouldReturn404ForInvalidEndpoint()[pri:5, instance:com.pacakge.rest_assured_framework.HealthCheckAPI@2034b64c]" started-at="2025-08-06T19:23:09 IST" name="shouldReturn404ForInvalidEndpoint" description="Verify GET /healthz returns 404" finished-at="2025-08-06T19:23:09 IST" duration-ms="27" status="PASS">
          <reporter-output>
          </reporter-output>
        </test-method> <!-- shouldReturn404ForInvalidEndpoint -->
      </class> <!-- com.pacakge.rest_assured_framework.HealthCheckAPI -->
    </test> <!-- Default test -->
  </suite> <!-- Default suite -->
</testng-results>
